<?xml version="1.0" encoding="UTF-8"?>
<!-- Generated by org.testng.reporters.JUnitReportReporter -->
<testsuite skipped="0" hostname="DESKTOP-LPMG9GN" name="Regression_Scripts.HospitalLifecycle_Pharmacist_Adding_Category_AndCheccking_Under_List" tests="1" failures="0" timestamp="11 Apr 2020 18:10:14 GMT" time="18.221" errors="0">
  <testcase name="creatingMedicineCategory" time="18.221" classname="Regression_Scripts.HospitalLifecycle_Pharmacist_Adding_Category_AndCheccking_Under_List"/>
</testsuite> <!-- Regression_Scripts.HospitalLifecycle_Pharmacist_Adding_Category_AndCheccking_Under_List -->
